2024-07-26 23:52:50 +0000  Initial pipeline context: <IDEDistributionProcessingPipelineContext: 0x3319e8d20; archive(resolved)="<IDEArchive: 0x60001740ca20>", distributionTask(resolved)="2", distributionDestination(resolved)="1", distributionMethod(resolved)="<IDEDistributionMethodDevelopmentSigned: 0x60000920db00>", team(resolved)="<IDEProvisioningDisambiguatableBasicTeam: 0x600000eb14c0; teamID='TUPUVKZ22A', teamName='Tauseef Pirzada', teamType='Individual', username='aasiaatgl@gmail.com', isFreeProvisioningTeam='0'>">
	Chain (15, self inclusive):
	<IDEDistributionProcessingPipelineContext: 0x3319e8d20; archive = "<IDEArchive: 0x60001740ca20>", distributionMethod="<IDEDistributionMethodDevelopmentSigned: 0x60000920db00>", team="<IDEProvisioningDisambiguatableBasicTeam: 0x600000eb14c0; teamID='TUPUVKZ22A', teamName='Tauseef Pirzada', teamType='Individual', username='aasiaatgl@gmail.com', isFreeProvisioningTeam='0'>">
	<IDEDistributionProcessingPipelineContext: 0x3305733e0; archive = "<IDEArchive: 0x60001740ca20>", distributionMethod="<IDEDistributionMethodDevelopmentSigned: 0x60000920db00>", team="<IDEProvisioningDisambiguatableBasicTeam: 0x600000eb14c0; teamID='TUPUVKZ22A', teamName='Tauseef Pirzada', teamType='Individual', username='aasiaatgl@gmail.com', isFreeProvisioningTeam='0'>">
	<IDEDistributionContext: 0x33257fbc0; archive = "<IDEArchive: 0x60001740ca20>", distributionMethod="<IDEDistributionMethodDevelopmentSigned: 0x60000920db00>", team="<IDEProvisioningDisambiguatableBasicTeam: 0x600000eb14c0; teamID='TUPUVKZ22A', teamName='Tauseef Pirzada', teamType='Individual', username='aasiaatgl@gmail.com', isFreeProvisioningTeam='0'>">
	<IDEDistributionContext: 0x332584e30; archive = "<IDEArchive: 0x60001740ca20>", distributionMethod="<IDEDistributionMethodDevelopmentSigned: 0x60000920db00>", team="<IDEProvisioningDisambiguatableBasicTeam: 0x600000eb14c0; teamID='TUPUVKZ22A', teamName='Tauseef Pirzada', teamType='Individual', username='aasiaatgl@gmail.com', isFreeProvisioningTeam='0'>">
	<IDEDistributionContext: 0x31dd51520; archive = "<IDEArchive: 0x60001740ca20>", distributionMethod="<IDEDistributionMethodDevelopmentSigned: 0x60000920db00>", team="<IDEProvisioningDisambiguatableBasicTeam: 0x600000eb14c0; teamID='TUPUVKZ22A', teamName='Tauseef Pirzada', teamType='Individual', username='aasiaatgl@gmail.com', isFreeProvisioningTeam='0'>">
	<IDEDistributionContext: 0x330d9e160; archive = "<IDEArchive: 0x60001740ca20>", distributionMethod="<IDEDistributionMethodDevelopmentSigned: 0x60000920db00>", team="<IDEProvisioningDisambiguatableBasicTeam: 0x600000eb14c0; teamID='TUPUVKZ22A', teamName='Tauseef Pirzada', teamType='Individual', username='aasiaatgl@gmail.com', isFreeProvisioningTeam='0'>">
	<IDEDistributionContext: 0x31dd74d70; archive = "<IDEArchive: 0x60001740ca20>", distributionMethod="<IDEDistributionMethodDevelopmentSigned: 0x60000920db00>", team="<IDEProvisioningDisambiguatableBasicTeam: 0x600000eb14c0; teamID='TUPUVKZ22A', teamName='Tauseef Pirzada', teamType='Individual', username='aasiaatgl@gmail.com', isFreeProvisioningTeam='0'>">
	<IDEDistributionContext: 0x3325473f0; archive = "<IDEArchive: 0x60001740ca20>", distributionMethod="<IDEDistributionMethodDevelopmentSigned: 0x60000920db00>", team="<IDEProvisioningDisambiguatableBasicTeam: 0x600000eb14c0; teamID='TUPUVKZ22A', teamName='Tauseef Pirzada', teamType='Individual', username='aasiaatgl@gmail.com', isFreeProvisioningTeam='0'>">
	<IDEDistributionContext: 0x31dd50c60; archive = "<IDEArchive: 0x60001740ca20>", distributionMethod="<IDEDistributionMethodDevelopmentSigned: 0x60000920db00>", team="<IDEProvisioningDisambiguatableBasicTeam: 0x600000eb14c0; teamID='TUPUVKZ22A', teamName='Tauseef Pirzada', teamType='Individual', username='aasiaatgl@gmail.com', isFreeProvisioningTeam='0'>">
	<IDEDistributionContext: 0x3325479c0; archive = "<IDEArchive: 0x60001740ca20>", distributionMethod="<IDEDistributionMethodDevelopmentSigned: 0x60000920db00>", team="(null)">
	<IDEDistributionContext: 0x3653574b0; archive = "<IDEArchive: 0x60001740ca20>", distributionMethod="<IDEDistributionMethodDevelopmentSigned: 0x60000920db00>", team="(null)">
	<IDEDistributionContext: 0x31dd3bfb0; archive = "<IDEArchive: 0x60001740ca20>", distributionMethod="<IDEDistributionMethodDevelopmentSigned: 0x60000920db00>", team="(null)">
	<IDEDistributionContext: 0x31dd50560; archive = "<IDEArchive: 0x60001740ca20>", distributionMethod="<IDEDistributionMethodDevelopmentSigned: 0x60000920db00>", team="(null)">
	<IDEDistributionContext: 0x3325849c0; archive = "<IDEArchive: 0x60001740ca20>", distributionMethod="(null)", team="(null)">
	<IDEDistributionContext: 0x31dd717f0; archive = "<IDEArchive: 0x60001740ca20>", distributionMethod="(null)", team="(null)">
</IDEDistributionProcessingPipelineContext: 0x3319e8d20>
2024-07-26 23:52:50 +0000  Processing step: IDEDistributionCreateDestRootStep
2024-07-26 23:52:50 +0000  Processing step: IDEDistributionCopyItemStep
2024-07-26 23:52:50 +0000  Running /usr/bin/ditto '-V' '/Users/irelia/Library/Developer/Xcode/Archives/2024-07-26/BostonDogTOR 7-26-24, 19.50.xcarchive/Products/Applications/BostonDogTOR.app' '/var/folders/cn/lgvhcf311mbf582k49bvtl040000gn/T/XcodeDistPipeline.~~~ACakNT/Root/Payload/BostonDogTOR.app'
2024-07-26 23:52:50 +0000  >>> Copying /Users/irelia/Library/Developer/Xcode/Archives/2024-07-26/BostonDogTOR 7-26-24, 19.50.xcarchive/Products/Applications/BostonDogTOR.app 
2024-07-26 23:52:50 +0000  copying file ./_CodeSignature/CodeResources ... 
2024-07-26 23:52:50 +0000  16839 bytes for ./_CodeSignature/CodeResources
2024-07-26 23:52:50 +0000  copying file ./BostonDogTOR ... 
2024-07-26 23:52:50 +0000  2773136 bytes for ./BostonDogTOR
2024-07-26 23:52:50 +0000  copying file ./AppIcon60x60@2x.png ... 
2024-07-26 23:52:50 +0000  13734 bytes for ./AppIcon60x60@2x.png
2024-07-26 23:52:50 +0000  copying file ./GoogleService-Info.plist ... 
2024-07-26 23:52:50 +0000  744 bytes for ./GoogleService-Info.plist
2024-07-26 23:52:50 +0000  copying file ./Base.lproj/Main.storyboardc/UITabBarController-49e-Tb-3d3.nib/runtime.nib ... 
2024-07-26 23:52:50 +0000  6934 bytes for ./Base.lproj/Main.storyboardc/UITabBarController-49e-Tb-3d3.nib/runtime.nib
2024-07-26 23:52:50 +0000  copying file ./Base.lproj/Main.storyboardc/UITabBarController-49e-Tb-3d3.nib/objects-14.0+.nib ... 
2024-07-26 23:52:50 +0000  5205 bytes for ./Base.lproj/Main.storyboardc/UITabBarController-49e-Tb-3d3.nib/objects-14.0+.nib
2024-07-26 23:52:50 +0000  copying file ./Base.lproj/Main.storyboardc/9pv-A4-QxB-view-tsR-hK-woN.nib/runtime.nib ... 
2024-07-26 23:52:50 +0000  17426 bytes for ./Base.lproj/Main.storyboardc/9pv-A4-QxB-view-tsR-hK-woN.nib/runtime.nib
2024-07-26 23:52:50 +0000  copying file ./Base.lproj/Main.storyboardc/9pv-A4-QxB-view-tsR-hK-woN.nib/objects-14.0+.nib ... 
2024-07-26 23:52:50 +0000  17426 bytes for ./Base.lproj/Main.storyboardc/9pv-A4-QxB-view-tsR-hK-woN.nib/objects-14.0+.nib
2024-07-26 23:52:50 +0000  copying file ./Base.lproj/Main.storyboardc/UIViewController-zIs-d8-cpt.nib/runtime.nib ... 
2024-07-26 23:52:50 +0000  991 bytes for ./Base.lproj/Main.storyboardc/UIViewController-zIs-d8-cpt.nib/runtime.nib
2024-07-26 23:52:50 +0000  copying file ./Base.lproj/Main.storyboardc/UIViewController-zIs-d8-cpt.nib/objects-14.0+.nib ... 
2024-07-26 23:52:50 +0000  991 bytes for ./Base.lproj/Main.storyboardc/UIViewController-zIs-d8-cpt.nib/objects-14.0+.nib
2024-07-26 23:52:50 +0000  copying file ./Base.lproj/Main.storyboardc/UIViewController-1Og-Of-3zl.nib/runtime.nib ... 
2024-07-26 23:52:50 +0000  946 bytes for ./Base.lproj/Main.storyboardc/UIViewController-1Og-Of-3zl.nib/runtime.nib
2024-07-26 23:52:50 +0000  copying file ./Base.lproj/Main.storyboardc/UIViewController-1Og-Of-3zl.nib/objects-14.0+.nib ... 
2024-07-26 23:52:50 +0000  946 bytes for ./Base.lproj/Main.storyboardc/UIViewController-1Og-Of-3zl.nib/objects-14.0+.nib
2024-07-26 23:52:50 +0000  copying file ./Base.lproj/Main.storyboardc/bir-QQ-ril-view-4cO-Og-NHu.nib/runtime.nib ... 
2024-07-26 23:52:50 +0000  6950 bytes for ./Base.lproj/Main.storyboardc/bir-QQ-ril-view-4cO-Og-NHu.nib/runtime.nib
2024-07-26 23:52:50 +0000  copying file ./Base.lproj/Main.storyboardc/bir-QQ-ril-view-4cO-Og-NHu.nib/objects-14.0+.nib ... 
2024-07-26 23:52:50 +0000  6950 bytes for ./Base.lproj/Main.storyboardc/bir-QQ-ril-view-4cO-Og-NHu.nib/objects-14.0+.nib
2024-07-26 23:52:50 +0000  copying file ./Base.lproj/Main.storyboardc/UIViewController-qQL-Eu-6qh.nib/runtime.nib ... 
2024-07-26 23:52:50 +0000  2845 bytes for ./Base.lproj/Main.storyboardc/UIViewController-qQL-Eu-6qh.nib/runtime.nib
2024-07-26 23:52:50 +0000  copying file ./Base.lproj/Main.storyboardc/UIViewController-qQL-Eu-6qh.nib/objects-14.0+.nib ... 
2024-07-26 23:52:50 +0000  1712 bytes for ./Base.lproj/Main.storyboardc/UIViewController-qQL-Eu-6qh.nib/objects-14.0+.nib
2024-07-26 23:52:50 +0000  copying file ./Base.lproj/Main.storyboardc/UIViewController-zaX-Rj-WoD.nib/runtime.nib ... 
2024-07-26 23:52:50 +0000  1062 bytes for ./Base.lproj/Main.storyboardc/UIViewController-zaX-Rj-WoD.nib/runtime.nib
2024-07-26 23:52:50 +0000  copying file ./Base.lproj/Main.storyboardc/UIViewController-zaX-Rj-WoD.nib/objects-14.0+.nib ... 
2024-07-26 23:52:50 +0000  1062 bytes for ./Base.lproj/Main.storyboardc/UIViewController-zaX-Rj-WoD.nib/objects-14.0+.nib
2024-07-26 23:52:50 +0000  copying file ./Base.lproj/Main.storyboardc/8rJ-Kc-sve-view-QS5-Rx-YEW.nib/runtime.nib ... 
2024-07-26 23:52:50 +0000  7567 bytes for ./Base.lproj/Main.storyboardc/8rJ-Kc-sve-view-QS5-Rx-YEW.nib/runtime.nib
2024-07-26 23:52:50 +0000  copying file ./Base.lproj/Main.storyboardc/8rJ-Kc-sve-view-QS5-Rx-YEW.nib/objects-14.0+.nib ... 
2024-07-26 23:52:50 +0000  7567 bytes for ./Base.lproj/Main.storyboardc/8rJ-Kc-sve-view-QS5-Rx-YEW.nib/objects-14.0+.nib
2024-07-26 23:52:50 +0000  copying file ./Base.lproj/Main.storyboardc/UIViewController-8Wf-hZ-6HR.nib/runtime.nib ... 
2024-07-26 23:52:50 +0000  988 bytes for ./Base.lproj/Main.storyboardc/UIViewController-8Wf-hZ-6HR.nib/runtime.nib
2024-07-26 23:52:50 +0000  copying file ./Base.lproj/Main.storyboardc/UIViewController-8Wf-hZ-6HR.nib/objects-14.0+.nib ... 
2024-07-26 23:52:50 +0000  988 bytes for ./Base.lproj/Main.storyboardc/UIViewController-8Wf-hZ-6HR.nib/objects-14.0+.nib
2024-07-26 23:52:50 +0000  copying file ./Base.lproj/Main.storyboardc/Tzw-Ye-cfC-view-2v5-gB-ZT6.nib/runtime.nib ... 
2024-07-26 23:52:50 +0000  10246 bytes for ./Base.lproj/Main.storyboardc/Tzw-Ye-cfC-view-2v5-gB-ZT6.nib/runtime.nib
2024-07-26 23:52:50 +0000  copying file ./Base.lproj/Main.storyboardc/Tzw-Ye-cfC-view-2v5-gB-ZT6.nib/objects-14.0+.nib ... 
2024-07-26 23:52:50 +0000  10246 bytes for ./Base.lproj/Main.storyboardc/Tzw-Ye-cfC-view-2v5-gB-ZT6.nib/objects-14.0+.nib
2024-07-26 23:52:50 +0000  copying file ./Base.lproj/Main.storyboardc/9Oc-hz-cx6-view-sJ2-lK-hxm.nib/runtime.nib ... 
2024-07-26 23:52:50 +0000  8955 bytes for ./Base.lproj/Main.storyboardc/9Oc-hz-cx6-view-sJ2-lK-hxm.nib/runtime.nib
2024-07-26 23:52:50 +0000  copying file ./Base.lproj/Main.storyboardc/9Oc-hz-cx6-view-sJ2-lK-hxm.nib/objects-14.0+.nib ... 
2024-07-26 23:52:50 +0000  8955 bytes for ./Base.lproj/Main.storyboardc/9Oc-hz-cx6-view-sJ2-lK-hxm.nib/objects-14.0+.nib
2024-07-26 23:52:50 +0000  copying file ./Base.lproj/Main.storyboardc/8Wf-hZ-6HR-view-mZu-Sw-lhj.nib/runtime.nib ... 
2024-07-26 23:52:50 +0000  6837 bytes for ./Base.lproj/Main.storyboardc/8Wf-hZ-6HR-view-mZu-Sw-lhj.nib/runtime.nib
2024-07-26 23:52:50 +0000  copying file ./Base.lproj/Main.storyboardc/8Wf-hZ-6HR-view-mZu-Sw-lhj.nib/objects-14.0+.nib ... 
2024-07-26 23:52:50 +0000  6837 bytes for ./Base.lproj/Main.storyboardc/8Wf-hZ-6HR-view-mZu-Sw-lhj.nib/objects-14.0+.nib
2024-07-26 23:52:50 +0000  copying file ./Base.lproj/Main.storyboardc/qQL-Eu-6qh-view-xFr-a8-UaD.nib/runtime.nib ... 
2024-07-26 23:52:50 +0000  8547 bytes for ./Base.lproj/Main.storyboardc/qQL-Eu-6qh-view-xFr-a8-UaD.nib/runtime.nib
2024-07-26 23:52:50 +0000  copying file ./Base.lproj/Main.storyboardc/qQL-Eu-6qh-view-xFr-a8-UaD.nib/objects-14.0+.nib ... 
2024-07-26 23:52:50 +0000  8547 bytes for ./Base.lproj/Main.storyboardc/qQL-Eu-6qh-view-xFr-a8-UaD.nib/objects-14.0+.nib
2024-07-26 23:52:50 +0000  copying file ./Base.lproj/Main.storyboardc/UIViewController-oyf-Nu-yHK.nib/runtime.nib ... 
2024-07-26 23:52:50 +0000  989 bytes for ./Base.lproj/Main.storyboardc/UIViewController-oyf-Nu-yHK.nib/runtime.nib
2024-07-26 23:52:50 +0000  copying file ./Base.lproj/Main.storyboardc/UIViewController-oyf-Nu-yHK.nib/objects-14.0+.nib ... 
2024-07-26 23:52:50 +0000  989 bytes for ./Base.lproj/Main.storyboardc/UIViewController-oyf-Nu-yHK.nib/objects-14.0+.nib
2024-07-26 23:52:50 +0000  copying file ./Base.lproj/Main.storyboardc/oyf-Nu-yHK-view-IjS-Vf-L3o.nib/runtime.nib ... 
2024-07-26 23:52:50 +0000  1988 bytes for ./Base.lproj/Main.storyboardc/oyf-Nu-yHK-view-IjS-Vf-L3o.nib/runtime.nib
2024-07-26 23:52:50 +0000  copying file ./Base.lproj/Main.storyboardc/oyf-Nu-yHK-view-IjS-Vf-L3o.nib/objects-14.0+.nib ... 
2024-07-26 23:52:50 +0000  1988 bytes for ./Base.lproj/Main.storyboardc/oyf-Nu-yHK-view-IjS-Vf-L3o.nib/objects-14.0+.nib
2024-07-26 23:52:50 +0000  copying file ./Base.lproj/Main.storyboardc/zaX-Rj-WoD-view-cxh-hP-5dT.nib/runtime.nib ... 
2024-07-26 23:52:50 +0000  10396 bytes for ./Base.lproj/Main.storyboardc/zaX-Rj-WoD-view-cxh-hP-5dT.nib/runtime.nib
2024-07-26 23:52:50 +0000  copying file ./Base.lproj/Main.storyboardc/zaX-Rj-WoD-view-cxh-hP-5dT.nib/objects-14.0+.nib ... 
2024-07-26 23:52:50 +0000  10396 bytes for ./Base.lproj/Main.storyboardc/zaX-Rj-WoD-view-cxh-hP-5dT.nib/objects-14.0+.nib
2024-07-26 23:52:50 +0000  copying file ./Base.lproj/Main.storyboardc/1Og-Of-3zl-view-gGy-OX-SKG.nib/runtime.nib ... 
2024-07-26 23:52:50 +0000  1225 bytes for ./Base.lproj/Main.storyboardc/1Og-Of-3zl-view-gGy-OX-SKG.nib/runtime.nib
2024-07-26 23:52:50 +0000  copying file ./Base.lproj/Main.storyboardc/1Og-Of-3zl-view-gGy-OX-SKG.nib/objects-14.0+.nib ... 
2024-07-26 23:52:50 +0000  1225 bytes for ./Base.lproj/Main.storyboardc/1Og-Of-3zl-view-gGy-OX-SKG.nib/objects-14.0+.nib
2024-07-26 23:52:50 +0000  copying file ./Base.lproj/Main.storyboardc/Info.plist ... 
2024-07-26 23:52:50 +0000  669 bytes for ./Base.lproj/Main.storyboardc/Info.plist
2024-07-26 23:52:50 +0000  copying file ./Base.lproj/Main.storyboardc/zIs-d8-cpt-view-Ms9-yQ-cML.nib/runtime.nib ... 
2024-07-26 23:52:50 +0000  11006 bytes for ./Base.lproj/Main.storyboardc/zIs-d8-cpt-view-Ms9-yQ-cML.nib/runtime.nib
2024-07-26 23:52:50 +0000  copying file ./Base.lproj/Main.storyboardc/zIs-d8-cpt-view-Ms9-yQ-cML.nib/objects-14.0+.nib ... 
2024-07-26 23:52:50 +0000  11006 bytes for ./Base.lproj/Main.storyboardc/zIs-d8-cpt-view-Ms9-yQ-cML.nib/objects-14.0+.nib
2024-07-26 23:52:50 +0000  copying file ./Base.lproj/Main.storyboardc/YTa-vY-thT-view-1mL-Zu-TmO.nib/runtime.nib ... 
2024-07-26 23:52:50 +0000  8216 bytes for ./Base.lproj/Main.storyboardc/YTa-vY-thT-view-1mL-Zu-TmO.nib/runtime.nib
2024-07-26 23:52:50 +0000  copying file ./Base.lproj/Main.storyboardc/YTa-vY-thT-view-1mL-Zu-TmO.nib/objects-14.0+.nib ... 
2024-07-26 23:52:50 +0000  8216 bytes for ./Base.lproj/Main.storyboardc/YTa-vY-thT-view-1mL-Zu-TmO.nib/objects-14.0+.nib
2024-07-26 23:52:50 +0000  copying file ./Base.lproj/LaunchScreen.storyboardc/01J-lp-oVM-view-Ze5-6b-2t3.nib ... 
2024-07-26 23:52:50 +0000  1225 bytes for ./Base.lproj/LaunchScreen.storyboardc/01J-lp-oVM-view-Ze5-6b-2t3.nib
2024-07-26 23:52:50 +0000  copying file ./Base.lproj/LaunchScreen.storyboardc/UIViewController-01J-lp-oVM.nib ... 
2024-07-26 23:52:50 +0000  924 bytes for ./Base.lproj/LaunchScreen.storyboardc/UIViewController-01J-lp-oVM.nib
2024-07-26 23:52:50 +0000  copying file ./Base.lproj/LaunchScreen.storyboardc/Info.plist ... 
2024-07-26 23:52:50 +0000  258 bytes for ./Base.lproj/LaunchScreen.storyboardc/Info.plist
2024-07-26 23:52:50 +0000  copying file ./Assets.car ... 
2024-07-26 23:52:50 +0000  159503 bytes for ./Assets.car
2024-07-26 23:52:50 +0000  copying file ./AppIcon76x76@2x~ipad.png ... 
2024-07-26 23:52:50 +0000  20629 bytes for ./AppIcon76x76@2x~ipad.png
2024-07-26 23:52:50 +0000  copying file ./embedded.mobileprovision ... 
2024-07-26 23:52:50 +0000  12684 bytes for ./embedded.mobileprovision
2024-07-26 23:52:50 +0000  copying file ./Info.plist ... 
2024-07-26 23:52:50 +0000  1843 bytes for ./Info.plist
2024-07-26 23:52:50 +0000  copying file ./PkgInfo ... 
2024-07-26 23:52:50 +0000  8 bytes for ./PkgInfo
2024-07-26 23:52:50 +0000  /usr/bin/ditto exited with 0
2024-07-26 23:52:50 +0000  Processing step: IDEDistributionEmbedProfileStep
2024-07-26 23:52:50 +0000  Processing step: IDEDistributionInfoPlistStep
2024-07-26 23:52:50 +0000  Skipping step: IDEDistributionInfoPlistStep because it said so
2024-07-26 23:52:50 +0000  Processing step: IDEDistributionAppThinningPlistStep
2024-07-26 23:52:50 +0000  Skipping step: IDEDistributionAppThinningPlistStep because it said so
2024-07-26 23:52:50 +0000  Processing step: IDEDistributionCompileBitcodeStep
2024-07-26 23:52:50 +0000  Skipping step: IDEDistributionCompileBitcodeStep because it said so
2024-07-26 23:52:50 +0000  Processing step: IDEDistributionCodeSlimmingStep
2024-07-26 23:52:50 +0000  Processing step: IDEDistributionCopyBCSymbolMapsStep
2024-07-26 23:52:50 +0000  Skipping step: IDEDistributionCopyBCSymbolMapsStep because it said so
2024-07-26 23:52:50 +0000  Processing step: IDEDistributionSymbolsStep
2024-07-26 23:52:50 +0000  Skipping step: IDEDistributionSymbolsStep because it said so
2024-07-26 23:52:50 +0000  Processing step: IDEDistributionAppThinningStep
2024-07-26 23:52:50 +0000  Skipping step: IDEDistributionAppThinningStep because it said so
2024-07-26 23:52:50 +0000  Processing step: IDEDistributionArchThinningStep
2024-07-26 23:52:50 +0000  Item /Users/irelia/Library/Developer/Xcode/Archives/2024-07-26/BostonDogTOR 7-26-24, 19.50.xcarchive/Products/Applications/BostonDogTOR.app doesn't have the entitlement com.apple.developer.web-browser-engine.host enabled, returning ["arm64e"]
2024-07-26 23:52:50 +0000  Archs to thin for item /Users/irelia/Library/Developer/Xcode/Archives/2024-07-26/BostonDogTOR 7-26-24, 19.50.xcarchive/Products/Applications/BostonDogTOR.app are ["arm64e"]
2024-07-26 23:52:50 +0000  Running /Applications/Xcode.app/Contents/Developer/Toolchains/XcodeDefault.xctoolchain/usr/bin/lipo '/var/folders/cn/lgvhcf311mbf582k49bvtl040000gn/T/XcodeDistPipeline.~~~ACakNT/Root/Payload/BostonDogTOR.app/BostonDogTOR' '-verify_arch' 'arm64e'
2024-07-26 23:52:50 +0000  /Applications/Xcode.app/Contents/Developer/Toolchains/XcodeDefault.xctoolchain/usr/bin/lipo exited with 1
2024-07-26 23:52:50 +0000  Skipping architecture thinning for item "BostonDogTOR" because arch "arm64e" wasn't found
2024-07-26 23:52:50 +0000  Processing step: IDEDistributionODRStep
2024-07-26 23:52:50 +0000  Processing step: IDEDistributionStripXattrsStep
2024-07-26 23:52:50 +0000  Skipping stripping extended attributes because the codesign step will strip them.
2024-07-26 23:52:50 +0000  Processing step: IDEDistributionCodesignStep
2024-07-26 23:52:50 +0000  Entitlements for <IDEDistributionItem: 0x600017427480; bundleID='ephemeral.distribution.BostonDogTOR', path='<DVTFilePath:0x60000fe48e80:'/Users/irelia/Library/Developer/Xcode/Archives/2024-07-26/BostonDogTOR 7-26-24, 19.50.xcarchive/Products/Applications/BostonDogTOR.app'>', codeSigningInfo='<_DVTCodeSigningInformation_Path: 0x6000273f37f0; isSigned='1', isAdHocSigned='0', signingCertificate='<DVTSigningCertificate: 0x60000a5f1680; name='Apple Development: Tauseef Pirzada (6BF8B3SJ2G)', hash='287991435A5A9FCC9636754A53C00993F1D100B5', serialNumber='F233E7A2431BA32161F5A50929126DB', certificateKinds='(
    "1.2.840.113635.100.6.1.12",
    "1.2.840.113635.100.6.1.2"
), issueDate='2024-03-14 12:29:52 +0000''>', entitlements='{
    "application-identifier" = "TUPUVKZ22A.ephemeral.distribution.BostonDogTOR";
    "aps-environment" = development;
    "com.apple.developer.team-identifier" = TUPUVKZ22A;
    "get-task-allow" = 1;
}', teamID='TUPUVKZ22A', identifier='ephemeral.distribution.BostonDogTOR', executablePath='<DVTFilePath:0x60000fe68280:'/Users/irelia/Library/Developer/Xcode/Archives/2024-07-26/BostonDogTOR 7-26-24, 19.50.xcarchive/Products/Applications/BostonDogTOR.app/BostonDogTOR'>', hardenedRuntime='0'>'>: {
    "application-identifier" = "TUPUVKZ22A.ephemeral.distribution.BostonDogTOR";
    "aps-environment" = development;
    "com.apple.developer.team-identifier" = TUPUVKZ22A;
    "get-task-allow" = 1;
}
2024-07-26 23:52:50 +0000  Associated App Clip Identifiers Filter: Skipping because "com.apple.developer.associated-appclip-app-identifiers" is not present
2024-07-26 23:52:50 +0000  Entitlements for <IDEDistributionItem: 0x600017427480; bundleID='ephemeral.distribution.BostonDogTOR', path='<DVTFilePath:0x60000fe48e80:'/Users/irelia/Library/Developer/Xcode/Archives/2024-07-26/BostonDogTOR 7-26-24, 19.50.xcarchive/Products/Applications/BostonDogTOR.app'>', codeSigningInfo='<_DVTCodeSigningInformation_Path: 0x6000273f37f0; isSigned='1', isAdHocSigned='0', signingCertificate='<DVTSigningCertificate: 0x60000a5d9140; name='Apple Development: Tauseef Pirzada (6BF8B3SJ2G)', hash='287991435A5A9FCC9636754A53C00993F1D100B5', serialNumber='F233E7A2431BA32161F5A50929126DB', certificateKinds='(
    "1.2.840.113635.100.6.1.12",
    "1.2.840.113635.100.6.1.2"
), issueDate='2024-03-14 12:29:52 +0000''>', entitlements='{
    "application-identifier" = "TUPUVKZ22A.ephemeral.distribution.BostonDogTOR";
    "aps-environment" = development;
    "com.apple.developer.team-identifier" = TUPUVKZ22A;
    "get-task-allow" = 1;
}', teamID='TUPUVKZ22A', identifier='ephemeral.distribution.BostonDogTOR', executablePath='<DVTFilePath:0x60000fe68280:'/Users/irelia/Library/Developer/Xcode/Archives/2024-07-26/BostonDogTOR 7-26-24, 19.50.xcarchive/Products/Applications/BostonDogTOR.app/BostonDogTOR'>', hardenedRuntime='0'>'> are: {
    "application-identifier" = "TUPUVKZ22A.ephemeral.distribution.BostonDogTOR";
    "aps-environment" = development;
    "com.apple.developer.team-identifier" = TUPUVKZ22A;
    "get-task-allow" = 1;
}
2024-07-26 23:52:50 +0000  Writing entitlements for <IDEDistributionItem: 0x600017427480; bundleID='ephemeral.distribution.BostonDogTOR', path='<DVTFilePath:0x60000fe48e80:'/Users/irelia/Library/Developer/Xcode/Archives/2024-07-26/BostonDogTOR 7-26-24, 19.50.xcarchive/Products/Applications/BostonDogTOR.app'>', codeSigningInfo='<_DVTCodeSigningInformation_Path: 0x6000273f37f0; isSigned='1', isAdHocSigned='0', signingCertificate='<DVTSigningCertificate: 0x60000a5f6580; name='Apple Development: Tauseef Pirzada (6BF8B3SJ2G)', hash='287991435A5A9FCC9636754A53C00993F1D100B5', serialNumber='F233E7A2431BA32161F5A50929126DB', certificateKinds='(
    "1.2.840.113635.100.6.1.12",
    "1.2.840.113635.100.6.1.2"
), issueDate='2024-03-14 12:29:52 +0000''>', entitlements='{
    "application-identifier" = "TUPUVKZ22A.ephemeral.distribution.BostonDogTOR";
    "aps-environment" = development;
    "com.apple.developer.team-identifier" = TUPUVKZ22A;
    "get-task-allow" = 1;
}', teamID='TUPUVKZ22A', identifier='ephemeral.distribution.BostonDogTOR', executablePath='<DVTFilePath:0x60000fe68280:'/Users/irelia/Library/Developer/Xcode/Archives/2024-07-26/BostonDogTOR 7-26-24, 19.50.xcarchive/Products/Applications/BostonDogTOR.app/BostonDogTOR'>', hardenedRuntime='0'>'> to: /var/folders/cn/lgvhcf311mbf582k49bvtl040000gn/T/XcodeDistPipeline.~~~ACakNT/entitlements~~~mYiNc7
2024-07-26 23:52:50 +0000  Running /usr/bin/codesign '-vvv' '--force' '--sign' '287991435A5A9FCC9636754A53C00993F1D100B5' '--entitlements' '/var/folders/cn/lgvhcf311mbf582k49bvtl040000gn/T/XcodeDistPipeline.~~~ACakNT/entitlements~~~mYiNc7' '--generate-entitlement-der' '--strip-disallowed-xattrs' '--preserve-metadata=identifier,flags,runtime' '/var/folders/cn/lgvhcf311mbf582k49bvtl040000gn/T/XcodeDistPipeline.~~~ACakNT/Root/Payload/BostonDogTOR.app'
2024-07-26 23:52:50 +0000  /var/folders/cn/lgvhcf311mbf582k49bvtl040000gn/T/XcodeDistPipeline.~~~ACakNT/Root/Payload/BostonDogTOR.app: replacing existing signature
2024-07-26 23:52:50 +0000  /var/folders/cn/lgvhcf311mbf582k49bvtl040000gn/T/XcodeDistPipeline.~~~ACakNT/Root/Payload/BostonDogTOR.app: signed app bundle with Mach-O thin (arm64) [ephemeral.distribution.BostonDogTOR]
2024-07-26 23:52:50 +0000  /usr/bin/codesign exited with 0
2024-07-26 23:52:50 +0000  Processing step: IDEDistributionZipODRItemStep
2024-07-26 23:52:50 +0000  Skipping step: IDEDistributionZipODRItemStep because it said so
2024-07-26 23:52:50 +0000  Processing step: IDEDistributionCreateIPAStep
2024-07-26 23:52:50 +0000  Running /usr/bin/ditto '-V' '-c' '-k' '--norsrc' '/var/folders/cn/lgvhcf311mbf582k49bvtl040000gn/T/XcodeDistPipeline.~~~ACakNT/Root' '/var/folders/cn/lgvhcf311mbf582k49bvtl040000gn/T/XcodeDistPipeline.~~~ACakNT/Packages/BostonDogTOR.ipa'
2024-07-26 23:52:50 +0000  >>> Copying /var/folders/cn/lgvhcf311mbf582k49bvtl040000gn/T/XcodeDistPipeline.~~~ACakNT/Root 
2024-07-26 23:52:50 +0000  copying file ./Payload/BostonDogTOR.app/_CodeSignature/CodeResources ... 
2024-07-26 23:52:50 +0000  16839 bytes for ./Payload/BostonDogTOR.app/_CodeSignature/CodeResources
2024-07-26 23:52:50 +0000  copying file ./Payload/BostonDogTOR.app/BostonDogTOR ... 
2024-07-26 23:52:50 +0000  2773136 bytes for ./Payload/BostonDogTOR.app/BostonDogTOR
2024-07-26 23:52:50 +0000  copying file ./Payload/BostonDogTOR.app/AppIcon60x60@2x.png ... 
13734 bytes for ./Payload/BostonDogTOR.app/AppIcon60x60@2x.png
copying file ./Payload/BostonDogTOR.app/GoogleService-Info.plist ... 
744 bytes for ./Payload/BostonDogTOR.app/GoogleService-Info.plist
copying file ./Payload/BostonDogTOR.app/Base.lproj/Main.storyboardc/UITabBarController-49e-Tb-3d3.nib/runtime.nib ... 
2024-07-26 23:52:50 +0000  6934 bytes for ./Payload/BostonDogTOR.app/Base.lproj/Main.storyboardc/UITabBarController-49e-Tb-3d3.nib/runtime.nib
2024-07-26 23:52:50 +0000  copying file ./Payload/BostonDogTOR.app/Base.lproj/Main.storyboardc/UITabBarController-49e-Tb-3d3.nib/objects-14.0+.nib ... 
2024-07-26 23:52:50 +0000  5205 bytes for ./Payload/BostonDogTOR.app/Base.lproj/Main.storyboardc/UITabBarController-49e-Tb-3d3.nib/objects-14.0+.nib
2024-07-26 23:52:50 +0000  copying file ./Payload/BostonDogTOR.app/Base.lproj/Main.storyboardc/9pv-A4-QxB-view-tsR-hK-woN.nib/runtime.nib ... 
2024-07-26 23:52:50 +0000  17426 bytes for ./Payload/BostonDogTOR.app/Base.lproj/Main.storyboardc/9pv-A4-QxB-view-tsR-hK-woN.nib/runtime.nib
copying file ./Payload/BostonDogTOR.app/Base.lproj/Main.storyboardc/9pv-A4-QxB-view-tsR-hK-woN.nib/objects-14.0+.nib ... 
2024-07-26 23:52:50 +0000  17426 bytes for ./Payload/BostonDogTOR.app/Base.lproj/Main.storyboardc/9pv-A4-QxB-view-tsR-hK-woN.nib/objects-14.0+.nib
2024-07-26 23:52:50 +0000  copying file ./Payload/BostonDogTOR.app/Base.lproj/Main.storyboardc/UIViewController-zIs-d8-cpt.nib/runtime.nib ... 
991 bytes for ./Payload/BostonDogTOR.app/Base.lproj/Main.storyboardc/UIViewController-zIs-d8-cpt.nib/runtime.nib
copying file ./Payload/BostonDogTOR.app/Base.lproj/Main.storyboardc/UIViewController-zIs-d8-cpt.nib/objects-14.0+.nib ... 
2024-07-26 23:52:50 +0000  991 bytes for ./Payload/BostonDogTOR.app/Base.lproj/Main.storyboardc/UIViewController-zIs-d8-cpt.nib/objects-14.0+.nib
2024-07-26 23:52:50 +0000  copying file ./Payload/BostonDogTOR.app/Base.lproj/Main.storyboardc/UIViewController-1Og-Of-3zl.nib/runtime.nib ... 
2024-07-26 23:52:50 +0000  946 bytes for ./Payload/BostonDogTOR.app/Base.lproj/Main.storyboardc/UIViewController-1Og-Of-3zl.nib/runtime.nib
2024-07-26 23:52:50 +0000  copying file ./Payload/BostonDogTOR.app/Base.lproj/Main.storyboardc/UIViewController-1Og-Of-3zl.nib/objects-14.0+.nib ... 
2024-07-26 23:52:50 +0000  946 bytes for ./Payload/BostonDogTOR.app/Base.lproj/Main.storyboardc/UIViewController-1Og-Of-3zl.nib/objects-14.0+.nib
2024-07-26 23:52:50 +0000  copying file ./Payload/BostonDogTOR.app/Base.lproj/Main.storyboardc/bir-QQ-ril-view-4cO-Og-NHu.nib/runtime.nib ... 
2024-07-26 23:52:50 +0000  6950 bytes for ./Payload/BostonDogTOR.app/Base.lproj/Main.storyboardc/bir-QQ-ril-view-4cO-Og-NHu.nib/runtime.nib
2024-07-26 23:52:50 +0000  copying file ./Payload/BostonDogTOR.app/Base.lproj/Main.storyboardc/bir-QQ-ril-view-4cO-Og-NHu.nib/objects-14.0+.nib ... 
2024-07-26 23:52:50 +0000  6950 bytes for ./Payload/BostonDogTOR.app/Base.lproj/Main.storyboardc/bir-QQ-ril-view-4cO-Og-NHu.nib/objects-14.0+.nib
2024-07-26 23:52:50 +0000  copying file ./Payload/BostonDogTOR.app/Base.lproj/Main.storyboardc/UIViewController-qQL-Eu-6qh.nib/runtime.nib ... 
2024-07-26 23:52:50 +0000  2845 bytes for ./Payload/BostonDogTOR.app/Base.lproj/Main.storyboardc/UIViewController-qQL-Eu-6qh.nib/runtime.nib
2024-07-26 23:52:50 +0000  copying file ./Payload/BostonDogTOR.app/Base.lproj/Main.storyboardc/UIViewController-qQL-Eu-6qh.nib/objects-14.0+.nib ... 
2024-07-26 23:52:50 +0000  1712 bytes for ./Payload/BostonDogTOR.app/Base.lproj/Main.storyboardc/UIViewController-qQL-Eu-6qh.nib/objects-14.0+.nib
2024-07-26 23:52:50 +0000  copying file ./Payload/BostonDogTOR.app/Base.lproj/Main.storyboardc/UIViewController-zaX-Rj-WoD.nib/runtime.nib ... 
2024-07-26 23:52:50 +0000  1062 bytes for ./Payload/BostonDogTOR.app/Base.lproj/Main.storyboardc/UIViewController-zaX-Rj-WoD.nib/runtime.nib
2024-07-26 23:52:50 +0000  copying file ./Payload/BostonDogTOR.app/Base.lproj/Main.storyboardc/UIViewController-zaX-Rj-WoD.nib/objects-14.0+.nib ... 
2024-07-26 23:52:50 +0000  1062 bytes for ./Payload/BostonDogTOR.app/Base.lproj/Main.storyboardc/UIViewController-zaX-Rj-WoD.nib/objects-14.0+.nib
2024-07-26 23:52:50 +0000  copying file ./Payload/BostonDogTOR.app/Base.lproj/Main.storyboardc/8rJ-Kc-sve-view-QS5-Rx-YEW.nib/runtime.nib ... 
2024-07-26 23:52:50 +0000  7567 bytes for ./Payload/BostonDogTOR.app/Base.lproj/Main.storyboardc/8rJ-Kc-sve-view-QS5-Rx-YEW.nib/runtime.nib
copying file ./Payload/BostonDogTOR.app/Base.lproj/Main.storyboardc/8rJ-Kc-sve-view-QS5-Rx-YEW.nib/objects-14.0+.nib ... 
2024-07-26 23:52:50 +0000  7567 bytes for ./Payload/BostonDogTOR.app/Base.lproj/Main.storyboardc/8rJ-Kc-sve-view-QS5-Rx-YEW.nib/objects-14.0+.nib
2024-07-26 23:52:50 +0000  copying file ./Payload/BostonDogTOR.app/Base.lproj/Main.storyboardc/UIViewController-8Wf-hZ-6HR.nib/runtime.nib ... 
2024-07-26 23:52:50 +0000  988 bytes for ./Payload/BostonDogTOR.app/Base.lproj/Main.storyboardc/UIViewController-8Wf-hZ-6HR.nib/runtime.nib
2024-07-26 23:52:50 +0000  copying file ./Payload/BostonDogTOR.app/Base.lproj/Main.storyboardc/UIViewController-8Wf-hZ-6HR.nib/objects-14.0+.nib ... 
2024-07-26 23:52:50 +0000  988 bytes for ./Payload/BostonDogTOR.app/Base.lproj/Main.storyboardc/UIViewController-8Wf-hZ-6HR.nib/objects-14.0+.nib
2024-07-26 23:52:50 +0000  copying file ./Payload/BostonDogTOR.app/Base.lproj/Main.storyboardc/Tzw-Ye-cfC-view-2v5-gB-ZT6.nib/runtime.nib ... 
2024-07-26 23:52:50 +0000  10246 bytes for ./Payload/BostonDogTOR.app/Base.lproj/Main.storyboardc/Tzw-Ye-cfC-view-2v5-gB-ZT6.nib/runtime.nib
2024-07-26 23:52:50 +0000  copying file ./Payload/BostonDogTOR.app/Base.lproj/Main.storyboardc/Tzw-Ye-cfC-view-2v5-gB-ZT6.nib/objects-14.0+.nib ... 
2024-07-26 23:52:50 +0000  10246 bytes for ./Payload/BostonDogTOR.app/Base.lproj/Main.storyboardc/Tzw-Ye-cfC-view-2v5-gB-ZT6.nib/objects-14.0+.nib
2024-07-26 23:52:50 +0000  copying file ./Payload/BostonDogTOR.app/Base.lproj/Main.storyboardc/9Oc-hz-cx6-view-sJ2-lK-hxm.nib/runtime.nib ... 
2024-07-26 23:52:50 +0000  8955 bytes for ./Payload/BostonDogTOR.app/Base.lproj/Main.storyboardc/9Oc-hz-cx6-view-sJ2-lK-hxm.nib/runtime.nib
2024-07-26 23:52:50 +0000  copying file ./Payload/BostonDogTOR.app/Base.lproj/Main.storyboardc/9Oc-hz-cx6-view-sJ2-lK-hxm.nib/objects-14.0+.nib ... 
2024-07-26 23:52:50 +0000  8955 bytes for ./Payload/BostonDogTOR.app/Base.lproj/Main.storyboardc/9Oc-hz-cx6-view-sJ2-lK-hxm.nib/objects-14.0+.nib
2024-07-26 23:52:50 +0000  copying file ./Payload/BostonDogTOR.app/Base.lproj/Main.storyboardc/8Wf-hZ-6HR-view-mZu-Sw-lhj.nib/runtime.nib ... 
2024-07-26 23:52:50 +0000  6837 bytes for ./Payload/BostonDogTOR.app/Base.lproj/Main.storyboardc/8Wf-hZ-6HR-view-mZu-Sw-lhj.nib/runtime.nib
2024-07-26 23:52:50 +0000  copying file ./Payload/BostonDogTOR.app/Base.lproj/Main.storyboardc/8Wf-hZ-6HR-view-mZu-Sw-lhj.nib/objects-14.0+.nib ... 
2024-07-26 23:52:50 +0000  6837 bytes for ./Payload/BostonDogTOR.app/Base.lproj/Main.storyboardc/8Wf-hZ-6HR-view-mZu-Sw-lhj.nib/objects-14.0+.nib
2024-07-26 23:52:50 +0000  copying file ./Payload/BostonDogTOR.app/Base.lproj/Main.storyboardc/qQL-Eu-6qh-view-xFr-a8-UaD.nib/runtime.nib ... 
2024-07-26 23:52:50 +0000  8547 bytes for ./Payload/BostonDogTOR.app/Base.lproj/Main.storyboardc/qQL-Eu-6qh-view-xFr-a8-UaD.nib/runtime.nib
2024-07-26 23:52:50 +0000  copying file ./Payload/BostonDogTOR.app/Base.lproj/Main.storyboardc/qQL-Eu-6qh-view-xFr-a8-UaD.nib/objects-14.0+.nib ... 
2024-07-26 23:52:50 +0000  8547 bytes for ./Payload/BostonDogTOR.app/Base.lproj/Main.storyboardc/qQL-Eu-6qh-view-xFr-a8-UaD.nib/objects-14.0+.nib
2024-07-26 23:52:50 +0000  copying file ./Payload/BostonDogTOR.app/Base.lproj/Main.storyboardc/UIViewController-oyf-Nu-yHK.nib/runtime.nib ... 
2024-07-26 23:52:50 +0000  989 bytes for ./Payload/BostonDogTOR.app/Base.lproj/Main.storyboardc/UIViewController-oyf-Nu-yHK.nib/runtime.nib
2024-07-26 23:52:50 +0000  copying file ./Payload/BostonDogTOR.app/Base.lproj/Main.storyboardc/UIViewController-oyf-Nu-yHK.nib/objects-14.0+.nib ... 
2024-07-26 23:52:50 +0000  989 bytes for ./Payload/BostonDogTOR.app/Base.lproj/Main.storyboardc/UIViewController-oyf-Nu-yHK.nib/objects-14.0+.nib
2024-07-26 23:52:50 +0000  copying file ./Payload/BostonDogTOR.app/Base.lproj/Main.storyboardc/oyf-Nu-yHK-view-IjS-Vf-L3o.nib/runtime.nib ... 
2024-07-26 23:52:50 +0000  1988 bytes for ./Payload/BostonDogTOR.app/Base.lproj/Main.storyboardc/oyf-Nu-yHK-view-IjS-Vf-L3o.nib/runtime.nib
2024-07-26 23:52:50 +0000  copying file ./Payload/BostonDogTOR.app/Base.lproj/Main.storyboardc/oyf-Nu-yHK-view-IjS-Vf-L3o.nib/objects-14.0+.nib ... 
2024-07-26 23:52:50 +0000  1988 bytes for ./Payload/BostonDogTOR.app/Base.lproj/Main.storyboardc/oyf-Nu-yHK-view-IjS-Vf-L3o.nib/objects-14.0+.nib
2024-07-26 23:52:50 +0000  copying file ./Payload/BostonDogTOR.app/Base.lproj/Main.storyboardc/zaX-Rj-WoD-view-cxh-hP-5dT.nib/runtime.nib ... 
2024-07-26 23:52:50 +0000  10396 bytes for ./Payload/BostonDogTOR.app/Base.lproj/Main.storyboardc/zaX-Rj-WoD-view-cxh-hP-5dT.nib/runtime.nib
2024-07-26 23:52:50 +0000  copying file ./Payload/BostonDogTOR.app/Base.lproj/Main.storyboardc/zaX-Rj-WoD-view-cxh-hP-5dT.nib/objects-14.0+.nib ... 
2024-07-26 23:52:50 +0000  10396 bytes for ./Payload/BostonDogTOR.app/Base.lproj/Main.storyboardc/zaX-Rj-WoD-view-cxh-hP-5dT.nib/objects-14.0+.nib
2024-07-26 23:52:50 +0000  copying file ./Payload/BostonDogTOR.app/Base.lproj/Main.storyboardc/1Og-Of-3zl-view-gGy-OX-SKG.nib/runtime.nib ... 
2024-07-26 23:52:50 +0000  1225 bytes for ./Payload/BostonDogTOR.app/Base.lproj/Main.storyboardc/1Og-Of-3zl-view-gGy-OX-SKG.nib/runtime.nib
2024-07-26 23:52:50 +0000  copying file ./Payload/BostonDogTOR.app/Base.lproj/Main.storyboardc/1Og-Of-3zl-view-gGy-OX-SKG.nib/objects-14.0+.nib ... 
2024-07-26 23:52:50 +0000  1225 bytes for ./Payload/BostonDogTOR.app/Base.lproj/Main.storyboardc/1Og-Of-3zl-view-gGy-OX-SKG.nib/objects-14.0+.nib
copying file ./Payload/BostonDogTOR.app/Base.lproj/Main.storyboardc/Info.plist ... 
2024-07-26 23:52:50 +0000  669 bytes for ./Payload/BostonDogTOR.app/Base.lproj/Main.storyboardc/Info.plist
2024-07-26 23:52:50 +0000  copying file ./Payload/BostonDogTOR.app/Base.lproj/Main.storyboardc/zIs-d8-cpt-view-Ms9-yQ-cML.nib/runtime.nib ... 
2024-07-26 23:52:50 +0000  11006 bytes for ./Payload/BostonDogTOR.app/Base.lproj/Main.storyboardc/zIs-d8-cpt-view-Ms9-yQ-cML.nib/runtime.nib
2024-07-26 23:52:50 +0000  copying file ./Payload/BostonDogTOR.app/Base.lproj/Main.storyboardc/zIs-d8-cpt-view-Ms9-yQ-cML.nib/objects-14.0+.nib ... 
2024-07-26 23:52:50 +0000  11006 bytes for ./Payload/BostonDogTOR.app/Base.lproj/Main.storyboardc/zIs-d8-cpt-view-Ms9-yQ-cML.nib/objects-14.0+.nib
2024-07-26 23:52:50 +0000  copying file ./Payload/BostonDogTOR.app/Base.lproj/Main.storyboardc/YTa-vY-thT-view-1mL-Zu-TmO.nib/runtime.nib ... 
2024-07-26 23:52:50 +0000  8216 bytes for ./Payload/BostonDogTOR.app/Base.lproj/Main.storyboardc/YTa-vY-thT-view-1mL-Zu-TmO.nib/runtime.nib
2024-07-26 23:52:50 +0000  copying file ./Payload/BostonDogTOR.app/Base.lproj/Main.storyboardc/YTa-vY-thT-view-1mL-Zu-TmO.nib/objects-14.0+.nib ... 
2024-07-26 23:52:50 +0000  8216 bytes for ./Payload/BostonDogTOR.app/Base.lproj/Main.storyboardc/YTa-vY-thT-view-1mL-Zu-TmO.nib/objects-14.0+.nib
2024-07-26 23:52:50 +0000  copying file ./Payload/BostonDogTOR.app/Base.lproj/LaunchScreen.storyboardc/01J-lp-oVM-view-Ze5-6b-2t3.nib ... 
2024-07-26 23:52:50 +0000  1225 bytes for ./Payload/BostonDogTOR.app/Base.lproj/LaunchScreen.storyboardc/01J-lp-oVM-view-Ze5-6b-2t3.nib
copying file ./Payload/BostonDogTOR.app/Base.lproj/LaunchScreen.storyboardc/UIViewController-01J-lp-oVM.nib ... 
2024-07-26 23:52:50 +0000  924 bytes for ./Payload/BostonDogTOR.app/Base.lproj/LaunchScreen.storyboardc/UIViewController-01J-lp-oVM.nib
2024-07-26 23:52:50 +0000  copying file ./Payload/BostonDogTOR.app/Base.lproj/LaunchScreen.storyboardc/Info.plist ... 
258 bytes for ./Payload/BostonDogTOR.app/Base.lproj/LaunchScreen.storyboardc/Info.plist
2024-07-26 23:52:50 +0000  copying file ./Payload/BostonDogTOR.app/Assets.car ... 
2024-07-26 23:52:50 +0000  159503 bytes for ./Payload/BostonDogTOR.app/Assets.car
2024-07-26 23:52:50 +0000  copying file ./Payload/BostonDogTOR.app/AppIcon76x76@2x~ipad.png ... 
2024-07-26 23:52:50 +0000  20629 bytes for ./Payload/BostonDogTOR.app/AppIcon76x76@2x~ipad.png
2024-07-26 23:52:50 +0000  copying file ./Payload/BostonDogTOR.app/embedded.mobileprovision ... 
2024-07-26 23:52:50 +0000  12684 bytes for ./Payload/BostonDogTOR.app/embedded.mobileprovision
2024-07-26 23:52:50 +0000  copying file ./Payload/BostonDogTOR.app/Info.plist ... 
2024-07-26 23:52:50 +0000  1843 bytes for ./Payload/BostonDogTOR.app/Info.plist
2024-07-26 23:52:50 +0000  copying file ./Payload/BostonDogTOR.app/PkgInfo ... 
8 bytes for ./Payload/BostonDogTOR.app/PkgInfo
2024-07-26 23:52:50 +0000  /usr/bin/ditto exited with 0
2024-07-26 23:52:50 +0000  Processing step: IDEDistributionAppStoreInformationStep
2024-07-26 23:52:50 +0000  Skipping step: IDEDistributionAppStoreInformationStep because it said so
2024-07-26 23:52:50 +0000  Processing step: IDEDistributionGenerateProcessedDistributionItems
2024-07-26 23:52:50 +0000  IDEDistributionItem init <DVTFilePath:0x60000fff4700:'/var/folders/cn/lgvhcf311mbf582k49bvtl040000gn/T/XcodeDistPipeline.~~~ACakNT/Root/Payload/BostonDogTOR.app'>
2024-07-26 23:52:50 +0000  Processing step: IDEDistributionCreateManifestStep
